<?xml version="1.0" encoding="utf-8"?><testsuites name="pytest tests"><testsuite name="pytest" errors="0" failures="0" skipped="1" tests="170" time="8.046" timestamp="2026-05-18T11:12:12.516235+00:00" hostname="spark-b271"><testcase classname="tests.unit.optimizers.logic_theorem_optimizer.test_modal_autoencoder" name="test_embedding_loss_helpers" time="0.001" /><testcase classname="tests.unit.optimizers.logic_theorem_optimizer.test_modal_autoencoder" name="test_loss_helpers_reject_vector_length_mismatch" time="0.000" /><testcase classname="tests.unit.optimizers.logic_theorem_optimizer.test_modal_autoencoder" name="test_modal_autoencoder_baseline_reports_fixture_losses" time="0.002" /><testcase classname="tests.unit.optimizers.logic_theorem_optimizer.test_modal_autoencoder" name="test_modal_autoencoder_empty_dataset_returns_zero_metrics" time="0.000" /><testcase classname="tests.unit.optimizers.logic_theorem_optimizer.test_modal_autoencoder" name="test_adaptive_autoencoder_todo_updates_lower_ce_and_increase_cosine" time="0.001" /><testcase classname="tests.unit.optimizers.logic_theorem_optimizer.test_modal_autoencoder" name="test_adaptive_autoencoder_cross_entropy_uses_mixed_family_targets" time="0.001" /><testcase classname="tests.unit.optimizers.logic_theorem_optimizer.test_modal_autoencoder" name="test_adaptive_autoencoder_introspection_explains_feature_level_decisions" time="0.001" /><testcase classname="tests.unit.optimizers.logic_theorem_optimizer.test_modal_autoencoder" name="test_feature_family_updates_are_stored_without_sample_id_leakage" time="0.001" /><testcase classname="tests.unit.optimizers.logic_theorem_optimizer.test_modal_autoencoder" name="test_feature_family_updates_can_be_opted_into_for_experiments" time="0.001" /><testcase classname="tests.unit.optimizers.logic_theorem_optimizer.test_modal_autoencoder" name="test_adaptive_autoencoder_skips_program_synthesis_todos" time="0.001" /><testcase classname="tests.unit.optimizers.logic_theorem_optimizer.test_modal_autoencoder" name="test_codex_gate_skips_call_when_local_losses_and_prover_are_good" time="0.001" /><testcase classname="tests.unit.optimizers.logic_theorem_optimizer.test_modal_autoencoder" name="test_codex_gate_calls_once_per_feature_signature" time="0.001" /><testcase classname="tests.unit.optimizers.logic_theorem_optimizer.test_modal_autoencoder" name="test_codex_gate_escalates_missing_formula_before_api_cache" time="0.001" /><testcase classname="tests.unit.optimizers.logic_theorem_optimizer.test_modal_autoencoder" name="test_modal_prover_compilation_signal_uses_local_router" time="1.243" /><testcase classname="tests.unit.optimizers.logic_theorem_optimizer.test_modal_autoencoder" name="test_clean_evaluation_ignores_sample_specific_memory" time="0.001" /><testcase classname="tests.unit.optimizers.logic_theorem_optimizer.test_modal_autoencoder" name="test_adaptive_autoencoder_state_roundtrip" time="0.001" /><testcase classname="tests.unit.optimizers.logic_theorem_optimizer.test_modal_autoencoder" name="test_generalizable_state_copy_drops_sample_specific_memory" time="0.000" /><testcase classname="tests.unit.optimizers.logic_theorem_optimizer.test_modal_autoencoder" name="test_average_generalizable_state_reuses_prior_feature_learning" time="0.000" /><testcase classname="tests.unit.optimizers.logic_theorem_optimizer.test_modal_autoencoder" name="test_frame_and_symbolic_penalties_for_valid_sample" time="0.001" /><testcase classname="tests.unit.optimizers.logic_theorem_optimizer.test_modal_todo_daemon" name="test_loss_generator_turns_high_losses_into_actionable_todos" time="0.001" /><testcase classname="tests.unit.optimizers.logic_theorem_optimizer.test_modal_todo_daemon" name="test_generator_creates_parser_rule_todo_when_no_formulas_are_found" time="0.001" /><testcase classname="tests.unit.optimizers.logic_theorem_optimizer.test_modal_todo_daemon" name="test_loss_generator_creates_flogic_alignment_todos" time="0.000" /><testcase classname="tests.unit.optimizers.logic_theorem_optimizer.test_modal_todo_daemon" name="test_loss_generator_routes_text_roundtrip_losses_to_program_synthesis" time="0.000" /><testcase classname="tests.unit.optimizers.logic_theorem_optimizer.test_modal_todo_daemon" name="test_queue_claims_multiple_pending_todos_at_once" time="0.000" /><testcase classname="tests.unit.optimizers.logic_theorem_optimizer.test_modal_todo_daemon" name="test_queue_can_claim_autoencoder_todos_without_claiming_program_synthesis" time="0.001" /><testcase classname="tests.unit.optimizers.logic_theorem_optimizer.test_modal_todo_daemon" name="test_queue_merge_preserves_externally_claimed_program_synthesis_todos" time="0.001" /><testcase classname="tests.unit.optimizers.logic_theorem_optimizer.test_modal_todo_daemon" name="test_queue_merge_preserves_externally_completed_program_synthesis_todos" time="0.001" /><testcase classname="tests.unit.optimizers.logic_theorem_optimizer.test_modal_todo_daemon" name="test_queue_semantic_dedupe_collapses_program_synthesis_loss_duplicates" time="0.000" /><testcase classname="tests.unit.optimizers.logic_theorem_optimizer.test_modal_todo_daemon" name="test_queue_semantic_dedupe_removes_near_duplicate_program_synthesis_items" time="0.000" /><testcase classname="tests.unit.optimizers.logic_theorem_optimizer.test_modal_todo_daemon" name="test_supervisor_can_claim_program_synthesis_by_ast_scope" time="0.000" /><testcase classname="tests.unit.optimizers.logic_theorem_optimizer.test_modal_todo_daemon" name="test_supervisor_can_claim_semantic_program_synthesis_bundle_by_ast_scope" time="0.000" /><testcase classname="tests.unit.optimizers.logic_theorem_optimizer.test_modal_todo_daemon" name="test_queue_can_claim_vector_program_synthesis_bundle_by_ast_scope" time="0.000" /><testcase classname="tests.unit.optimizers.logic_theorem_optimizer.test_modal_todo_daemon" name="test_queue_jsonl_roundtrip_preserves_claim_state" time="0.000" /><testcase classname="tests.unit.optimizers.logic_theorem_optimizer.test_modal_todo_daemon" name="test_supervisor_seeds_and_claims_loss_todos_from_samples" time="0.001" /><testcase classname="tests.unit.optimizers.logic_theorem_optimizer.test_modal_todo_daemon" name="test_supervisor_caps_loss_derived_program_synthesis_todos" time="0.001" /><testcase classname="tests.unit.optimizers.logic_theorem_optimizer.test_modal_todo_daemon" name="test_program_synthesis_generator_clusters_stable_autoencoder_residuals" time="0.001" /><testcase classname="tests.unit.optimizers.logic_theorem_optimizer.test_modal_todo_daemon" name="test_supervisor_optimizes_autoencoder_first_and_leaves_program_synthesis_backlog" time="0.002" /><testcase classname="tests.unit.optimizers.logic_theorem_optimizer.test_modal_todo_daemon" name="test_supervisor_caps_program_synthesis_backlog" time="0.001" /><testcase classname="tests.unit.optimizers.logic_theorem_optimizer.test_modal_todo_daemon" name="test_supervisor_can_claim_program_synthesis_batch_for_codex_worker" time="0.001" /><testcase classname="tests.unit.optimizers.logic_theorem_optimizer.test_modal_todo_daemon" name="test_supervisor_program_synthesis_status_reuses_queue_role_counts" time="0.001" /><testcase classname="tests.unit.optimizers.logic_theorem_optimizer.test_modal_todo_daemon" name="test_supervisor_program_synthesis_summary_writes_standard_keys" time="0.001" /><testcase classname="tests.unit.optimizers.logic_theorem_optimizer.test_modal_todo_daemon" name="test_supervisor_finalize_program_synthesis_batch_applies_queue_transitions" time="0.002" /><testcase classname="tests.unit.optimizers.logic_theorem_optimizer.test_modal_todo_daemon" name="test_build_paired_daemon_commands_share_autoencoder_queue_run_id" time="0.000" /><testcase classname="tests.unit.optimizers.logic_theorem_optimizer.test_modal_todo_daemon" name="test_build_paired_daemon_commands_respect_custom_child_run_ids_and_model" time="0.000" /><testcase classname="tests.unit.optimizers.logic_theorem_optimizer.test_modal_todo_daemon" name="test_build_paired_daemon_commands_can_launch_parallel_scoped_codex_children" time="0.000" /><testcase classname="tests.unit.optimizers.logic_theorem_optimizer.test_modal_todo_daemon" name="test_build_paired_daemon_commands_pass_vector_bundle_options_to_children" time="0.000" /><testcase classname="tests.unit.optimizers.logic_theorem_optimizer.test_modal_todo_daemon" name="test_codex_task_vector_index_uses_embeddings_router_and_cache" time="0.001" /><testcase classname="tests.unit.optimizers.logic_theorem_optimizer.test_modal_todo_daemon" name="test_codex_worktree_repo_root_prefers_nested_ipfs_dataset_checkout" time="0.007" /><testcase classname="tests.unit.optimizers.logic_theorem_optimizer.test_modal_todo_daemon" name="test_run_tests_uses_nested_ipfs_dataset_checkout" time="0.007" /><testcase classname="tests.unit.optimizers.logic_theorem_optimizer.test_modal_todo_daemon" name="test_codex_work_packet_creates_git_worktree_and_patch_slot" time="0.021" /><testcase classname="tests.unit.optimizers.logic_theorem_optimizer.test_modal_todo_daemon" name="test_codex_work_packet_refresh_creates_patch_after_worktree_edit" time="0.025" /><testcase classname="tests.unit.optimizers.logic_theorem_optimizer.test_modal_todo_daemon" name="test_codex_work_packet_apply_to_main_applies_worktree_diff" time="0.033" /><testcase classname="tests.unit.optimizers.logic_theorem_optimizer.test_modal_todo_daemon" name="test_codex_work_packet_apply_to_main_can_commit_applied_diff" time="0.043" /><testcase classname="tests.unit.optimizers.logic_theorem_optimizer.test_modal_todo_daemon" name="test_codex_work_packet_apply_to_main_repairs_stale_patch_against_current_main" time="0.052" /><testcase classname="tests.unit.optimizers.logic_theorem_optimizer.test_modal_todo_daemon" name="test_codex_work_packet_executor_writes_prompt_and_refreshes_patch" time="0.024" /><testcase classname="tests.unit.optimizers.logic_theorem_optimizer.test_modal_todo_daemon" name="test_codex_work_packet_executor_can_apply_changes_to_main" time="0.034" /><testcase classname="tests.unit.optimizers.logic_theorem_optimizer.test_modal_todo_daemon" name="test_codex_work_packet_executor_retries_with_sandbox_fallback" time="0.027" /><testcase classname="tests.unit.optimizers.logic_theorem_optimizer.test_modal_todo_daemon" name="test_codex_work_packet_action_hints_cover_parser_rule_without_target_component" time="0.022" /><testcase classname="tests.unit.optimizers.logic_theorem_optimizer.test_modal_todo_daemon" name="test_supervisor_optimize_once_validates_loss_improvement_before_completion" time="0.003" /><testcase classname="tests.unit.optimizers.logic_theorem_optimizer.test_modal_todo_daemon" name="test_validation_gating_rejects_sample_memorization_without_holdout_gain" time="0.003" /><testcase classname="tests.unit.optimizers.logic_theorem_optimizer.test_modal_todo_daemon" name="test_failed_validation_rolls_back_attempted_updates" time="0.003" /><testcase classname="tests.unit.optimizers.logic_theorem_optimizer.test_modal_todo_daemon" name="test_validation_gating_completes_todos_only_when_holdout_improves" time="0.128" /><testcase classname="tests.unit.optimizers.logic_theorem_optimizer.test_modal_todo_daemon" name="test_compiler_ir_metric_block_reports_deterministic_codec_losses" time="0.088" /><testcase classname="tests.unit.optimizers.logic_theorem_optimizer.test_modal_todo_daemon" name="test_supervisor_optimization_run_reduces_ce_and_reconstruction_loss" time="0.003" /><testcase classname="tests.unit.optimizers.logic_theorem_optimizer.test_uscode_dataset" name="test_uscode_parquet_fixture_converts_to_legal_samples" time="0.004" /><testcase classname="tests.unit.optimizers.logic_theorem_optimizer.test_uscode_dataset" name="test_uscode_embeddings_loader_uses_first_vector_per_cid" time="0.001" /><testcase classname="tests.unit.optimizers.logic_theorem_optimizer.test_uscode_dataset" name="test_supervisor_optimizes_uscode_parquet_samples" time="0.007" /><testcase classname="tests.unit.optimizers.logic_theorem_optimizer.test_uscode_dataset" name="test_supervisor_can_load_and_optimize_uscode_parquet_directly" time="0.005" /><testcase classname="tests.unit.optimizers.logic_theorem_optimizer.test_uscode_dataset" name="test_supervisor_optimizes_uscode_parquet_with_spacy_codec" time="0.072" /><testcase classname="tests.unit.optimizers.logic_theorem_optimizer.test_uscode_dataset" name="test_iter_uscode_records_honors_limit" time="0.002" /><testcase classname="tests.unit.optimizers.logic_theorem_optimizer.test_uscode_dataset" name="test_uscode_loaders_support_offsets_for_holdout_windows" time="0.002" /><testcase classname="tests.unit.optimizers.logic_theorem_optimizer.test_uscode_dataset" name="test_supervisor_can_validate_uscode_parquet_on_holdout_offset" time="0.004" /><testcase classname="tests.unit.optimizers.logic_theorem_optimizer.test_uscode_dataset" name="test_hf_uscode_live_dataset_smoke" time="0.000"><skipped type="pytest.skip" message="Set IPFS_DATASETS_PY_RUN_HF_USCODE_LIVE=1 to hit Hugging Face.">/home/barberb/portland-laws.github.io/ipfs_datasets_py/tests/unit/optimizers/logic_theorem_optimizer/test_uscode_dataset.py:167: Set IPFS_DATASETS_PY_RUN_HF_USCODE_LIVE=1 to hit Hugging Face.</skipped></testcase><testcase classname="tests.unit.optimizers.logic_theorem_optimizer.test_spacy_modal_codec" name="test_spacy_encoder_compiles_modal_ir_without_downloaded_model" time="0.042" /><testcase classname="tests.unit.optimizers.logic_theorem_optimizer.test_spacy_modal_codec" name="test_spacy_compiler_extracts_condition_and_exception_slots" time="0.041" /><testcase classname="tests.unit.optimizers.logic_theorem_optimizer.test_spacy_modal_codec" name="test_spacy_encoder_ignores_calendar_month_may_as_permission_cue" time="0.041" /><testcase classname="tests.unit.optimizers.logic_theorem_optimizer.test_spacy_modal_codec" name="test_spacy_compiler_replays_uscode_editorial_status_zero_formula_cases" time="0.043" /><testcase classname="tests.unit.optimizers.logic_theorem_optimizer.test_spacy_modal_codec" name="test_spacy_compiler_replays_sec_prefixed_transferred_heading_zero_formula_cases" time="0.043" /><testcase classname="tests.unit.optimizers.logic_theorem_optimizer.test_spacy_modal_codec" name="test_spacy_compiler_replays_sec_prefixed_heading_zero_formula_sample_for_15_1693l" time="0.042" /><testcase classname="tests.unit.optimizers.logic_theorem_optimizer.test_spacy_modal_codec" name="test_spacy_compiler_replays_packet_todo_samples_for_7_431_6_257_and_45_81_to_92" time="0.044" /><testcase classname="tests.unit.optimizers.logic_theorem_optimizer.test_spacy_modal_codec" name="test_spacy_compiler_replays_packet_todo_samples_for_46_55318_8_606_and_46_115" time="0.048" /><testcase classname="tests.unit.optimizers.logic_theorem_optimizer.test_spacy_modal_codec" name="test_spacy_compiler_supports_usc_and_section_symbol_citation_variants_for_sec_headings" time="0.046" /><testcase classname="tests.unit.optimizers.logic_theorem_optimizer.test_spacy_modal_codec" name="test_spacy_compiler_replays_embedded_sec_heading_zero_formula_cases" time="0.043" /><testcase classname="tests.unit.optimizers.logic_theorem_optimizer.test_spacy_modal_codec" name="test_spacy_compiler_replays_symbolic_validity_todo_samples_with_coarse_section_heading_fallback" time="0.048" /><testcase classname="tests.unit.optimizers.logic_theorem_optimizer.test_spacy_modal_codec" name="test_spacy_compiler_replays_uscode_declarative_statement_zero_formula_cases" time="0.052" /><testcase classname="tests.unit.optimizers.logic_theorem_optimizer.test_spacy_modal_codec" name="test_spacy_compiler_replays_heading_only_zero_formula_cases_for_25_422_48_1572_and_42_6323" time="0.043" /><testcase classname="tests.unit.optimizers.logic_theorem_optimizer.test_spacy_modal_codec" name="test_spacy_decoder_vector_and_family_logits_are_deterministic" time="0.042" /><testcase classname="tests.unit.optimizers.logic_theorem_optimizer.test_spacy_modal_codec" name="test_spacy_codec_exposes_text_features_without_sample_ids" time="0.040" /><testcase classname="tests.unit.optimizers.logic_theorem_optimizer.test_spacy_modal_codec" name="test_spacy_codec_ranks_modal_families_from_cues" time="0.041" /><testcase classname="tests.unit.optimizers.logic_theorem_optimizer.test_spacy_modal_codec" name="test_spacy_codec_lowers_initial_family_cross_entropy" time="0.043" /><testcase classname="tests.unit.optimizers.logic_theorem_optimizer.test_spacy_modal_codec" name="test_supervisor_with_spacy_codec_improves_loss_and_cosine" time="0.055" /><testcase classname="tests.unit_tests.logic.modal.test_modal_codec" name="test_modal_codec_encodes_all_modal_families_with_frame_logic" time="0.061" /><testcase classname="tests.unit_tests.logic.modal.test_modal_codec" name="test_modal_compiler_decompiler_are_explainable_and_deterministic" time="0.044" /><testcase classname="tests.unit_tests.logic.modal.test_modal_codec" name="test_modal_compiler_handles_transferred_heading_for_uscode_15_688" time="0.040" /><testcase classname="tests.unit_tests.logic.modal.test_modal_codec" name="test_modal_compiler_handles_spaced_transferred_headings_for_known_uscode_samples" time="0.043" /><testcase classname="tests.unit_tests.logic.modal.test_modal_codec" name="test_modal_compiler_handles_sec_prefixed_transferred_headings_for_known_uscode_samples" time="0.042" /><testcase classname="tests.unit_tests.logic.modal.test_modal_codec" name="test_modal_compiler_handles_embedded_sec_headings_for_known_uscode_samples" time="0.043" /><testcase classname="tests.unit_tests.logic.modal.test_modal_codec" name="test_modal_compiler_replays_dataset_zero_formula_cases_for_130a_31a_2b_60a_2_and_8906" time="0.051" /><testcase classname="tests.unit_tests.logic.modal.test_modal_codec" name="test_modal_compiler_replays_packet_todo_samples_for_7_431_6_257_and_45_81_to_92" time="0.085" /><testcase classname="tests.unit_tests.logic.modal.test_modal_codec" name="test_modal_compiler_replays_packet_todo_heading_only_samples_for_6_314_35_4_and_7_7316" time="0.085" /><testcase classname="tests.unit_tests.logic.modal.test_modal_codec" name="test_modal_compiler_replays_packet_todo_samples_for_46_55318_8_606_and_46_115" time="0.094" /><testcase classname="tests.unit_tests.logic.modal.test_modal_codec" name="test_modal_compiler_replays_dataset_samples_for_478_1_6930_and_60101" time="0.238" /><testcase classname="tests.unit_tests.logic.modal.test_modal_codec" name="test_modal_compiler_replays_heading_only_zero_formula_cases_for_25_422_48_1572_and_42_6323" time="0.087" /><testcase classname="tests.unit_tests.logic.modal.test_modal_codec" name="test_modal_compiler_replays_long_subsection_heading_zero_formula_cases_for_15362_3201_and_3796ff" time="0.099" /><testcase classname="tests.unit_tests.logic.modal.test_modal_codec" name="test_modal_compiler_ignores_calendar_month_may_permission_noise" time="0.043" /><testcase classname="tests.unit_tests.logic.modal.test_modal_codec" name="test_modal_compiler_spacy_replays_editorial_status_zero_formula_samples" time="0.043" /><testcase classname="tests.unit_tests.logic.modal.test_modal_codec" name="test_modal_compiler_spacy_replays_sec_prefixed_heading_zero_formula_sample_for_15_1693l" time="0.042" /><testcase classname="tests.unit_tests.logic.modal.test_modal_codec" name="test_modal_compiler_replays_sec_prefixed_heading_samples_with_usc_citation_variants" time="0.090" /><testcase classname="tests.unit_tests.logic.modal.test_modal_codec" name="test_modal_compiler_replays_symbolic_validity_samples_for_4_123_5_5564_16_6410_16_47a_16_6808_7_614_and_7_7656" time="0.291" /><testcase classname="tests.unit_tests.logic.modal.test_modal_codec" name="test_modal_compiler_replays_long_embedded_section_heading_samples_for_8_1365b_34_50108_and_19_3702" time="0.101" /><testcase classname="tests.unit_tests.logic.modal.test_modal_codec" name="test_modal_compiler_surfaces_modal_family_ambiguity_when_cues_overlap" time="0.043" /><testcase classname="tests.unit_tests.logic.modal.test_modal_codec" name="test_modal_compiler_surfaces_primary_family_margin_ambiguity_when_outvoted" time="0.044" /><testcase classname="tests.unit_tests.logic.modal.test_modal_codec" name="test_modal_compiler_surfaces_frame_family_margin_ambiguity_when_outvoted" time="0.043" /><testcase classname="tests.unit_tests.logic.modal.test_modal_codec" name="test_modal_compiler_surfaces_adaptive_family_margin_ambiguity_for_temporal_conflicts" time="0.045" /><testcase classname="tests.unit_tests.logic.modal.test_modal_codec" name="test_modal_compiler_uses_compiled_family_as_adaptive_ambiguity_signal" time="0.043" /><testcase classname="tests.unit_tests.logic.modal.test_modal_codec" name="test_modal_compiler_uses_signal_free_pair_policy_for_temporal_deontic_adaptive_ambiguity" time="0.041" /><testcase classname="tests.unit_tests.logic.modal.test_modal_codec" name="test_modal_compiler_uses_signal_free_pair_policy_for_deontic_conditional_adaptive_ambiguity" time="0.041" /><testcase classname="tests.unit_tests.logic.modal.test_modal_codec" name="test_modal_compiler_treats_transferred_as_frame_scope_ambiguity_signal" time="0.042" /><testcase classname="tests.unit_tests.logic.modal.test_modal_codec" name="test_modal_compiler_uses_bm25_frame_support_for_temporal_adaptive_frame_ambiguity" time="0.043" /><testcase classname="tests.unit_tests.logic.modal.test_modal_codec" name="test_modal_compiler_treats_under_this_section_as_deontic_frame_adaptive_signal" time="0.042" /><testcase classname="tests.unit_tests.logic.modal.test_modal_codec" name="test_modal_compiler_surfaces_deontic_temporal_adaptive_ambiguity" time="0.043" /><testcase classname="tests.unit_tests.logic.modal.test_modal_codec" name="test_modal_compiler_surfaces_deontic_conditional_adaptive_ambiguity" time="0.043" /><testcase classname="tests.unit_tests.logic.modal.test_modal_codec" name="test_modal_compiler_surfaces_deontic_alethic_adaptive_ambiguity" time="0.042" /><testcase classname="tests.unit_tests.logic.modal.test_modal_codec" name="test_modal_compiler_surfaces_temporal_conditional_family_outvote_ambiguity" time="0.042" /><testcase classname="tests.unit_tests.logic.modal.test_modal_codec" name="test_modal_compiler_treats_notwithstanding_as_temporal_conditional_ambiguity_signal" time="0.042" /><testcase classname="tests.unit_tests.logic.modal.test_modal_codec" name="test_modal_compiler_treats_in_the_case_of_as_conditional_scope_ambiguity_signal" time="0.042" /><testcase classname="tests.unit_tests.logic.modal.test_modal_codec" name="test_modal_compiler_treats_as_provided_in_as_conditional_scope_ambiguity_signal" time="0.042" /><testcase classname="tests.unit_tests.logic.modal.test_modal_codec" name="test_modal_compiler_treats_for_purposes_of_as_conditional_scope_ambiguity_signal" time="0.042" /><testcase classname="tests.unit_tests.logic.modal.test_modal_codec" name="test_modal_compiler_treats_with_respect_to_as_conditional_scope_ambiguity_signal" time="0.044" /><testcase classname="tests.unit_tests.logic.modal.test_modal_codec" name="test_modal_compiler_surfaces_temporal_frame_family_outvote_ambiguity" time="0.044" /><testcase classname="tests.unit_tests.logic.modal.test_modal_codec" name="test_modal_compiler_surfaces_temporal_scope_family_outvote_ambiguity" time="0.042" /><testcase classname="tests.unit_tests.logic.modal.test_modal_codec" name="test_modal_compiler_surfaces_frame_scope_family_outvote_ambiguity" time="0.042" /><testcase classname="tests.unit_tests.logic.modal.test_modal_codec" name="test_modal_compiler_treats_court_as_frame_scope_ambiguity_signal" time="0.042" /><testcase classname="tests.unit_tests.logic.modal.test_modal_codec" name="test_modal_compiler_surfaces_conditional_scope_family_outvote_ambiguity" time="0.041" /><testcase classname="tests.unit_tests.logic.modal.test_modal_codec" name="test_modal_compiler_treats_notwithstanding_as_conditional_scope_ambiguity_signal" time="0.042" /><testcase classname="tests.unit_tests.logic.modal.test_modal_codec" name="test_modal_compiler_surfaces_deontic_scope_family_outvote_ambiguity" time="0.044" /><testcase classname="tests.unit_tests.logic.modal.test_modal_codec" name="test_modal_compiler_treats_deontic_scope_phrase_as_ambiguity_signal" time="0.042" /><testcase classname="tests.unit_tests.logic.modal.test_modal_codec" name="test_modal_compiler_treats_prohibition_heading_as_adaptive_deontic_signal" time="0.041" /><testcase classname="tests.unit_tests.logic.modal.test_modal_codec" name="test_modal_compiler_surfaces_dynamic_scope_family_outvote_ambiguity" time="0.044" /><testcase classname="tests.unit_tests.logic.modal.test_modal_codec" name="test_modal_compiler_treats_filed_as_dynamic_scope_ambiguity_signal" time="0.041" /><testcase classname="tests.unit_tests.logic.modal.test_modal_codec" name="test_modal_compiler_surfaces_alethic_scope_family_outvote_ambiguity" time="0.041" /><testcase classname="tests.unit_tests.logic.modal.test_modal_codec" name="test_modal_compiler_treats_unable_to_as_alethic_scope_ambiguity_signal" time="0.043" /><testcase classname="tests.unit_tests.logic.modal.test_modal_codec" name="test_modal_compiler_treats_not_later_than_scope_as_temporal_ambiguity_signal" time="0.042" /><testcase classname="tests.unit_tests.logic.modal.test_modal_codec" name="test_modal_compiler_treats_period_beginning_with_calendar_date_as_temporal_scope_signal" time="0.041" /><testcase classname="tests.unit_tests.logic.modal.test_modal_codec" name="test_modal_compiler_treats_before_scope_as_temporal_conditional_ambiguity_signal" time="0.044" /><testcase classname="tests.unit_tests.logic.modal.test_modal_codec" name="test_modal_decompiler_preserves_context_without_formula_style_text" time="0.049" /><testcase classname="tests.unit_tests.logic.modal.test_modal_codec" name="test_modal_decompiler_recovers_condition_exception_and_citation_slots" time="0.043" /><testcase classname="tests.unit_tests.logic.modal.test_modal_codec" name="test_modal_decompiler_and_triples_expand_alphanumeric_citation_section_slots" time="0.001" /><testcase classname="tests.unit_tests.logic.modal.test_modal_codec" name="test_modal_decompiler_and_triples_surface_uscode_source_id_slots" time="0.001" /><testcase classname="tests.unit_tests.logic.modal.test_modal_codec" name="test_modal_flogic_triples_and_decompiler_slots_include_typed_predicate_arguments" time="0.053" /><testcase classname="tests.unit_tests.logic.modal.test_modal_codec" name="test_modal_decompiler_and_triples_include_statutory_scope_reference_slots" time="0.000" /><testcase classname="tests.unit_tests.logic.modal.test_modal_codec" name="test_modal_decompiler_and_triples_expand_statutory_scope_units_and_connectors" time="0.000" /><testcase classname="tests.unit_tests.logic.modal.test_modal_codec" name="test_modal_decompiler_and_triples_capture_extended_statutory_scope_connectors" time="0.000" /><testcase classname="tests.unit_tests.logic.modal.test_modal_codec" name="test_modal_decompiler_and_triples_surface_transferred_status_keyword_slot" time="0.041" /><testcase classname="tests.unit_tests.logic.modal.test_modal_codec" name="test_modal_decompiler_and_triples_surface_editorial_fallback_slots" time="0.043" /><testcase classname="tests.unit_tests.logic.modal.test_modal_codec" name="test_modal_decompiler_and_triples_surface_declarative_statement_hint_slot" time="0.042" /><testcase classname="tests.unit_tests.logic.modal.test_modal_codec" name="test_modal_decompiler_and_triples_surface_section_heading_tail_slots" time="0.042" /><testcase classname="tests.unit_tests.logic.modal.test_modal_codec" name="test_modal_decompiler_and_triples_surface_fallback_text_for_heading_without_section_reference" time="0.041" /><testcase classname="tests.unit_tests.logic.modal.test_modal_codec" name="test_modal_decompiler_falls_back_to_frame_logic_selected_frame" time="0.040" /><testcase classname="tests.unit_tests.logic.modal.test_modal_codec" name="test_modal_decompiler_surfaces_ranked_frame_candidate_slots" time="0.000" /><testcase classname="tests.unit_tests.logic.modal.test_modal_codec" name="test_modal_codec_supports_autoencoder_feature_codec_protocol" time="0.075" /><testcase classname="tests.unit_tests.logic.modal.test_modal_codec" name="test_modal_codec_emits_frame_ontology_term_triples" time="0.052" /><testcase classname="tests.unit_tests.logic.modal.test_modal_codec" name="test_modal_codec_normalizes_legacy_slot_positioned_frame_audit_terms" time="0.052" /><testcase classname="tests.unit_tests.logic.modal.test_modal_codec" name="test_modal_codec_audits_frame_terms_when_metadata_is_partial" time="0.048" /><testcase classname="tests.unit_tests.logic.modal.test_modal_codec" name="test_modal_codec_audits_frame_terms_when_metadata_contains_weight_maps" time="0.049" /><testcase classname="tests.unit_tests.logic.modal.test_modal_codec" name="test_modal_codec_filters_non_informative_frame_ontology_terms" time="0.058" /><testcase classname="tests.unit_tests.logic.modal.test_modal_codec" name="test_modal_codec_frame_decoder_audit_features_use_canonical_feature_parser" time="0.041" /><testcase classname="tests.unit_tests.logic.modal.test_modal_codec" name="test_modal_codec_frame_ontology_audit_prioritizes_decoder_frame_features" time="0.061" /><testcase classname="tests.unit_tests.logic.modal.test_modal_codec" name="test_autoencoder_introspection_guides_typed_synthesis_hints" time="0.001" /><testcase classname="tests.unit_tests.logic.modal.test_modal_codec" name="test_logic_extractor_uses_logic_layer_modal_codec_without_llm" time="0.051" /></testsuite></testsuites>